
> fire-enrich-standalone@0.1.0 dev
> next dev --turbopack

 ⚠ Found lockfile missing swc dependencies, patching...
/bin/sh: pnpm: command not found
/bin/sh: pnpm: command not found
/bin/sh: pnpm: command not found
/bin/sh: pnpm: command not found
/bin/sh: pnpm: command not found
/bin/sh: pnpm: command not found
/bin/sh: pnpm: command not found
 ⨯ Failed to patch lockfile, please try uninstalling and reinstalling next in this workspace
Error: Failed to get registry from "pnpm".
    at Array.map (<anonymous>) {
  [cause]: Error: Command failed: pnpm config get registry 
  /bin/sh: pnpm: command not found
  
      at Array.map (<anonymous>) {
    status: 127,
    signal: null,
    output: [
      null,
      <Buffer >,
      <Buffer 2f 62 69 6e 2f 73 68 3a 20 70 6e 70 6d 3a 20 63 6f 6d 6d 61 6e 64 20 6e 6f 74 20 66 6f 75 6e 64 0a>
    ],
    pid: 97367,
    stdout: <Buffer >,
    stderr: <Buffer 2f 62 69 6e 2f 73 68 3a 20 70 6e 70 6d 3a 20 63 6f 6d 6d 61 6e 64 20 6e 6f 74 20 66 6f 75 6e 64 0a>
  }
}
 ⚠ Found lockfile missing swc dependencies, patching...
/bin/sh: pnpm: command not found
/bin/sh: pnpm: command not found
/bin/sh: pnpm: command not found
/bin/sh: pnpm: command not found
/bin/sh: pnpm: command not found
/bin/sh: pnpm: command not found
/bin/sh: pnpm: command not found
 ⨯ Failed to patch lockfile, please try uninstalling and reinstalling next in this workspace
Error: Failed to get registry from "pnpm".
    at Array.map (<anonymous>) {
  [cause]: Error: Command failed: pnpm config get registry 
  /bin/sh: pnpm: command not found
  
      at Array.map (<anonymous>) {
    status: 127,
    signal: null,
    output: [
      null,
      <Buffer >,
      <Buffer 2f 62 69 6e 2f 73 68 3a 20 70 6e 70 6d 3a 20 63 6f 6d 6d 61 6e 64 20 6e 6f 74 20 66 6f 75 6e 64 0a>
    ],
    pid: 97375,
    stdout: <Buffer >,
    stderr: <Buffer 2f 62 69 6e 2f 73 68 3a 20 70 6e 70 6d 3a 20 63 6f 6d 6d 61 6e 64 20 6e 6f 74 20 66 6f 75 6e 64 0a>
  }
}
   ▲ Next.js 15.3.2 (Turbopack)
   - Local:        http://localhost:3000
   - Network:      http://192.168.1.178:3000
   - Environments: .env

 ✓ Starting...
 ✓ Ready in 554ms
 ✓ Compiled /api/check-env in 264ms
 GET /api/check-env 200 in 345ms
 ✓ Compiled /api/enrich-csv in 123ms
 ⨯ ./app/api/enrich-csv/route.ts:3:1
Module not found: Can't resolve '../../../lib/orchestration_optimization/implementation/batch-orchestrator'
[0m [90m 1 |[39m [36mimport[39m { [33mNextRequest[39m[33m,[39m [33mNextResponse[39m } [36mfrom[39m [32m"next/server"[39m[33m;[39m[0m
[0m [90m 2 |[39m [36mimport[39m [33mPapa[39m [36mfrom[39m [32m"papaparse"[39m[33m;[39m[0m
[0m[31m[1m>[22m[39m[90m 3 |[39m [36mimport[39m {[0m
[0m [90m   |[39m [31m[1m^[22m[39m[31m[1m^[22m[39m[31m[1m^[22m[39m[31m[1m^[22m[39m[31m[1m^[22m[39m[31m[1m^[22m[39m[31m[1m^[22m[39m[31m[1m^[22m[39m[0m
[0m[31m[1m>[22m[39m[90m 4 |[39m   [33mBatchOrchestrator[39m[33m,[39m[0m
[0m [90m   |[39m [31m[1m^[22m[39m[31m[1m^[22m[39m[31m[1m^[22m[39m[31m[1m^[22m[39m[31m[1m^[22m[39m[31m[1m^[22m[39m[31m[1m^[22m[39m[31m[1m^[22m[39m[31m[1m^[22m[39m[31m[1m^[22m[39m[31m[1m^[22m[39m[31m[1m^[22m[39m[31m[1m^[22m[39m[31m[1m^[22m[39m[31m[1m^[22m[39m[31m[1m^[22m[39m[31m[1m^[22m[39m[31m[1m^[22m[39m[31m[1m^[22m[39m[31m[1m^[22m[39m[0m
[0m[31m[1m>[22m[39m[90m 5 |[39m   [33mEmailRecord[39m[33m,[39m[0m
[0m [90m   |[39m [31m[1m^[22m[39m[31m[1m^[22m[39m[31m[1m^[22m[39m[31m[1m^[22m[39m[31m[1m^[22m[39m[31m[1m^[22m[39m[31m[1m^[22m[39m[31m[1m^[22m[39m[31m[1m^[22m[39m[31m[1m^[22m[39m[31m[1m^[22m[39m[31m[1m^[22m[39m[31m[1m^[22m[39m[31m[1m^[22m[39m[31m[1m^[22m[39m[31m[1m^[22m[39m[31m[1m^[22m[39m[31m[1m^[22m[39m[31m[1m^[22m[39m[31m[1m^[22m[39m[0m
[0m[31m[1m>[22m[39m[90m 6 |[39m } [36mfrom[39m [32m"../../../lib/orchestration_optimization/implementation/batch-orchestrator"[39m[33m;[39m[0m
[0m [90m   |[39m [31m[1m^[22m[39m[31m[1m^[22m[39m[31m[1m^[22m[39m[31m[1m^[22m[39m[31m[1m^[22m[39m[31m[1m^[22m[39m[31m[1m^[22m[39m[31m[1m^[22m[39m[31m[1m^[22m[39m[31m[1m^[22m[39m[31m[1m^[22m[39m[31m[1m^[22m[39m[31m[1m^[22m[39m[31m[1m^[22m[39m[31m[1m^[22m[39m[31m[1m^[22m[39m[31m[1m^[22m[39m[31m[1m^[22m[39m[31m[1m^[22m[39m[31m[1m^[22m[39m[31m[1m^[22m[39m[31m[1m^[22m[39m[31m[1m^[22m[39m[31m[1m^[22m[39m[31m[1m^[22m[39m[31m[1m^[22m[39m[31m[1m^[22m[39m[31m[1m^[22m[39m[31m[1m^[22m[39m[31m[1m^[22m[39m[31m[1m^[22m[39m[31m[1m^[22m[39m[31m[1m^[22m[39m[31m[1m^[22m[39m[31m[1m^[22m[39m[31m[1m^[22m[39m[31m[1m^[22m[39m[31m[1m^[22m[39m[31m[1m^[22m[39m[31m[1m^[22m[39m[31m[1m^[22m[39m[31m[1m^[22m[39m[31m[1m^[22m[39m[31m[1m^[22m[39m[31m[1m^[22m[39m[31m[1m^[22m[39m[31m[1m^[22m[39m[31m[1m^[22m[39m[31m[1m^[22m[39m[31m[1m^[22m[39m[31m[1m^[22m[39m[31m[1m^[22m[39m[31m[1m^[22m[39m[31m[1m^[22m[39m[31m[1m^[22m[39m[31m[1m^[22m[39m[31m[1m^[22m[39m[31m[1m^[22m[39m[31m[1m^[22m[39m[31m[1m^[22m[39m[31m[1m^[22m[39m[31m[1m^[22m[39m[31m[1m^[22m[39m[31m[1m^[22m[39m[31m[1m^[22m[39m[31m[1m^[22m[39m[31m[1m^[22m[39m[31m[1m^[22m[39m[31m[1m^[22m[39m[31m[1m^[22m[39m[31m[1m^[22m[39m[31m[1m^[22m[39m[31m[1m^[22m[39m[31m[1m^[22m[39m[31m[1m^[22m[39m[31m[1m^[22m[39m[31m[1m^[22m[39m[31m[1m^[22m[39m[31m[1m^[22m[39m[31m[1m^[22m[39m[31m[1m^[22m[39m[31m[1m^[22m[39m[31m[1m^[22m[39m[31m[1m^[22m[39m[0m
[0m [90m 7 |[39m [36mimport[39m { [33mCompanyCache[39m } [36mfrom[39m [32m"../../../lib/orchestration_optimization/implementation/company-cache"[39m[33m;[39m[0m
[0m [90m 8 |[39m [36mimport[39m { [33mStaircaseBackoff[39m } [36mfrom[39m [32m"../../../lib/orchestration_optimization/implementation/staircase-backoff"[39m[33m;[39m[0m
[0m [90m 9 |[39m [36mimport[39m { [33mMonitoringSystem[39m } [36mfrom[39m [32m"../../../lib/orchestration_optimization/implementation/monitoring-system"[39m[33m;[39m[0m



https://nextjs.org/docs/messages/module-not-found



./app/api/enrich-csv/route.ts:7:1
Module not found: Can't resolve '../../../lib/orchestration_optimization/implementation/company-cache'
[0m [90m  5 |[39m   [33mEmailRecord[39m[33m,[39m[0m
[0m [90m  6 |[39m } [36mfrom[39m [32m"../../../lib/orchestration_optimization/implementation/batch-orchestrator"[39m[33m;[39m[0m
[0m[31m[1m>[22m[39m[90m  7 |[39m [36mimport[39m { [33mCompanyCache[39m } [36mfrom[39m [32m"../../../lib/orchestration_optimization/implementation/company-cache"[39m[33m;[39m[0m
[0m [90m    |[39m [31m[1m^[22m[39m[31m[1m^[22m[39m[31m[1m^[22m[39m[31m[1m^[22m[39m[31m[1m^[22m[39m[31m[1m^[22m[39m[31m[1m^[22m[39m[31m[1m^[22m[39m[31m[1m^[22m[39m[31m[1m^[22m[39m[31m[1m^[22m[39m[31m[1m^[22m[39m[31m[1m^[22m[39m[31m[1m^[22m[39m[31m[1m^[22m[39m[31m[1m^[22m[39m[31m[1m^[22m[39m[31m[1m^[22m[39m[31m[1m^[22m[39m[31m[1m^[22m[39m[31m[1m^[22m[39m[31m[1m^[22m[39m[31m[1m^[22m[39m[31m[1m^[22m[39m[31m[1m^[22m[39m[31m[1m^[22m[39m[31m[1m^[22m[39m[31m[1m^[22m[39m[31m[1m^[22m[39m[31m[1m^[22m[39m[31m[1m^[22m[39m[31m[1m^[22m[39m[31m[1m^[22m[39m[31m[1m^[22m[39m[31m[1m^[22m[39m[31m[1m^[22m[39m[31m[1m^[22m[39m[31m[1m^[22m[39m[31m[1m^[22m[39m[31m[1m^[22m[39m[31m[1m^[22m[39m[31m[1m^[22m[39m[31m[1m^[22m[39m[31m[1m^[22m[39m[31m[1m^[22m[39m[31m[1m^[22m[39m[31m[1m^[22m[39m[31m[1m^[22m[39m[31m[1m^[22m[39m[31m[1m^[22m[39m[31m[1m^[22m[39m[31m[1m^[22m[39m[31m[1m^[22m[39m[31m[1m^[22m[39m[31m[1m^[22m[39m[31m[1m^[22m[39m[31m[1m^[22m[39m[31m[1m^[22m[39m[31m[1m^[22m[39m[31m[1m^[22m[39m[31m[1m^[22m[39m[31m[1m^[22m[39m[31m[1m^[22m[39m[31m[1m^[22m[39m[31m[1m^[22m[39m[31m[1m^[22m[39m[31m[1m^[22m[39m[31m[1m^[22m[39m[31m[1m^[22m[39m[31m[1m^[22m[39m[31m[1m^[22m[39m[31m[1m^[22m[39m[31m[1m^[22m[39m[31m[1m^[22m[39m[31m[1m^[22m[39m[31m[1m^[22m[39m[31m[1m^[22m[39m[31m[1m^[22m[39m[31m[1m^[22m[39m[31m[1m^[22m[39m[31m[1m^[22m[39m[31m[1m^[22m[39m[31m[1m^[22m[39m[31m[1m^[22m[39m[31m[1m^[22m[39m[31m[1m^[22m[39m[31m[1m^[22m[39m[31m[1m^[22m[39m[31m[1m^[22m[39m[31m[1m^[22m[39m[31m[1m^[22m[39m[31m[1m^[22m[39m[31m[1m^[22m[39m[31m[1m^[22m[39m[31m[1m^[22m[39m[31m[1m^[22m[39m[31m[1m^[22m[39m[31m[1m^[22m[39m[31m[1m^[22m[39m[31m[1m^[22m[39m[0m
[0m [90m  8 |[39m [36mimport[39m { [33mStaircaseBackoff[39m } [36mfrom[39m [32m"../../../lib/orchestration_optimization/implementation/staircase-backoff"[39m[33m;[39m[0m
[0m [90m  9 |[39m [36mimport[39m { [33mMonitoringSystem[39m } [36mfrom[39m [32m"../../../lib/orchestration_optimization/implementation/monitoring-system"[39m[33m;[39m[0m
[0m [90m 10 |[39m[0m



https://nextjs.org/docs/messages/module-not-found



./app/api/enrich-csv/route.ts:9:1
Module not found: Can't resolve '../../../lib/orchestration_optimization/implementation/monitoring-system'
[0m [90m  7 |[39m [36mimport[39m { [33mCompanyCache[39m } [36mfrom[39m [32m"../../../lib/orchestration_optimization/implementation/company-cache"[39m[33m;[39m[0m
[0m [90m  8 |[39m [36mimport[39m { [33mStaircaseBackoff[39m } [36mfrom[39m [32m"../../../lib/orchestration_optimization/implementation/staircase-backoff"[39m[33m;[39m[0m
[0m[31m[1m>[22m[39m[90m  9 |[39m [36mimport[39m { [33mMonitoringSystem[39m } [36mfrom[39m [32m"../../../lib/orchestration_optimization/implementation/monitoring-system"[39m[33m;[39m[0m
[0m [90m    |[39m [31m[1m^[22m[39m[31m[1m^[22m[39m[31m[1m^[22m[39m[31m[1m^[22m[39m[31m[1m^[22m[39m[31m[1m^[22m[39m[31m[1m^[22m[39m[31m[1m^[22m[39m[31m[1m^[22m[39m[31m[1m^[22m[39m[31m[1m^[22m[39m[31m[1m^[22m[39m[31m[1m^[22m[39m[31m[1m^[22m[39m[31m[1m^[22m[39m[31m[1m^[22m[39m[31m[1m^[22m[39m[31m[1m^[22m[39m[31m[1m^[22m[39m[31m[1m^[22m[39m[31m[1m^[22m[39m[31m[1m^[22m[39m[31m[1m^[22m[39m[31m[1m^[22m[39m[31m[1m^[22m[39m[31m[1m^[22m[39m[31m[1m^[22m[39m[31m[1m^[22m[39m[31m[1m^[22m[39m[31m[1m^[22m[39m[31m[1m^[22m[39m[31m[1m^[22m[39m[31m[1m^[22m[39m[31m[1m^[22m[39m[31m[1m^[22m[39m[31m[1m^[22m[39m[31m[1m^[22m[39m[31m[1m^[22m[39m[31m[1m^[22m[39m[31m[1m^[22m[39m[31m[1m^[22m[39m[31m[1m^[22m[39m[31m[1m^[22m[39m[31m[1m^[22m[39m[31m[1m^[22m[39m[31m[1m^[22m[39m[31m[1m^[22m[39m[31m[1m^[22m[39m[31m[1m^[22m[39m[31m[1m^[22m[39m[31m[1m^[22m[39m[31m[1m^[22m[39m[31m[1m^[22m[39m[31m[1m^[22m[39m[31m[1m^[22m[39m[31m[1m^[22m[39m[31m[1m^[22m[39m[31m[1m^[22m[39m[31m[1m^[22m[39m[31m[1m^[22m[39m[31m[1m^[22m[39m[31m[1m^[22m[39m[31m[1m^[22m[39m[31m[1m^[22m[39m[31m[1m^[22m[39m[31m[1m^[22m[39m[31m[1m^[22m[39m[31m[1m^[22m[39m[31m[1m^[22m[39m[31m[1m^[22m[39m[31m[1m^[22m[39m[31m[1m^[22m[39m[31m[1m^[22m[39m[31m[1m^[22m[39m[31m[1m^[22m[39m[31m[1m^[22m[39m[31m[1m^[22m[39m[31m[1m^[22m[39m[31m[1m^[22m[39m[31m[1m^[22m[39m[31m[1m^[22m[39m[31m[1m^[22m[39m[31m[1m^[22m[39m[31m[1m^[22m[39m[31m[1m^[22m[39m[31m[1m^[22m[39m[31m[1m^[22m[39m[31m[1m^[22m[39m[31m[1m^[22m[39m[31m[1m^[22m[39m[31m[1m^[22m[39m[31m[1m^[22m[39m[31m[1m^[22m[39m[31m[1m^[22m[39m[31m[1m^[22m[39m[31m[1m^[22m[39m[31m[1m^[22m[39m[31m[1m^[22m[39m[31m[1m^[22m[39m[31m[1m^[22m[39m[31m[1m^[22m[39m[31m[1m^[22m[39m[31m[1m^[22m[39m[31m[1m^[22m[39m[31m[1m^[22m[39m[31m[1m^[22m[39m[31m[1m^[22m[39m[31m[1m^[22m[39m[0m
[0m [90m 10 |[39m[0m
[0m [90m 11 |[39m [36mexport[39m [36mconst[39m runtime [33m=[39m [32m"nodejs"[39m[33m;[39m[0m
[0m [90m 12 |[39m[0m



https://nextjs.org/docs/messages/module-not-found



./app/api/enrich-csv/route.ts:8:1
Module not found: Can't resolve '../../../lib/orchestration_optimization/implementation/staircase-backoff'
[0m [90m  6 |[39m } [36mfrom[39m [32m"../../../lib/orchestration_optimization/implementation/batch-orchestrator"[39m[33m;[39m[0m
[0m [90m  7 |[39m [36mimport[39m { [33mCompanyCache[39m } [36mfrom[39m [32m"../../../lib/orchestration_optimization/implementation/company-cache"[39m[33m;[39m[0m
[0m[31m[1m>[22m[39m[90m  8 |[39m [36mimport[39m { [33mStaircaseBackoff[39m } [36mfrom[39m [32m"../../../lib/orchestration_optimization/implementation/staircase-backoff"[39m[33m;[39m[0m
[0m [90m    |[39m [31m[1m^[22m[39m[31m[1m^[22m[39m[31m[1m^[22m[39m[31m[1m^[22m[39m[31m[1m^[22m[39m[31m[1m^[22m[39m[31m[1m^[22m[39m[31m[1m^[22m[39m[31m[1m^[22m[39m[31m[1m^[22m[39m[31m[1m^[22m[39m[31m[1m^[22m[39m[31m[1m^[22m[39m[31m[1m^[22m[39m[31m[1m^[22m[39m[31m[1m^[22m[39m[31m[1m^[22m[39m[31m[1m^[22m[39m[31m[1m^[22m[39m[31m[1m^[22m[39m[31m[1m^[22m[39m[31m[1m^[22m[39m[31m[1m^[22m[39m[31m[1m^[22m[39m[31m[1m^[22m[39m[31m[1m^[22m[39m[31m[1m^[22m[39m[31m[1m^[22m[39m[31m[1m^[22m[39m[31m[1m^[22m[39m[31m[1m^[22m[39m[31m[1m^[22m[39m[31m[1m^[22m[39m[31m[1m^[22m[39m[31m[1m^[22m[39m[31m[1m^[22m[39m[31m[1m^[22m[39m[31m[1m^[22m[39m[31m[1m^[22m[39m[31m[1m^[22m[39m[31m[1m^[22m[39m[31m[1m^[22m[39m[31m[1m^[22m[39m[31m[1m^[22m[39m[31m[1m^[22m[39m[31m[1m^[22m[39m[31m[1m^[22m[39m[31m[1m^[22m[39m[31m[1m^[22m[39m[31m[1m^[22m[39m[31m[1m^[22m[39m[31m[1m^[22m[39m[31m[1m^[22m[39m[31m[1m^[22m[39m[31m[1m^[22m[39m[31m[1m^[22m[39m[31m[1m^[22m[39m[31m[1m^[22m[39m[31m[1m^[22m[39m[31m[1m^[22m[39m[31m[1m^[22m[39m[31m[1m^[22m[39m[31m[1m^[22m[39m[31m[1m^[22m[39m[31m[1m^[22m[39m[31m[1m^[22m[39m[31m[1m^[22m[39m[31m[1m^[22m[39m[31m[1m^[22m[39m[31m[1m^[22m[39m[31m[1m^[22m[39m[31m[1m^[22m[39m[31m[1m^[22m[39m[31m[1m^[22m[39m[31m[1m^[22m[39m[31m[1m^[22m[39m[31m[1m^[22m[39m[31m[1m^[22m[39m[31m[1m^[22m[39m[31m[1m^[22m[39m[31m[1m^[22m[39m[31m[1m^[22m[39m[31m[1m^[22m[39m[31m[1m^[22m[39m[31m[1m^[22m[39m[31m[1m^[22m[39m[31m[1m^[22m[39m[31m[1m^[22m[39m[31m[1m^[22m[39m[31m[1m^[22m[39m[31m[1m^[22m[39m[31m[1m^[22m[39m[31m[1m^[22m[39m[31m[1m^[22m[39m[31m[1m^[22m[39m[31m[1m^[22m[39m[31m[1m^[22m[39m[31m[1m^[22m[39m[31m[1m^[22m[39m[31m[1m^[22m[39m[31m[1m^[22m[39m[31m[1m^[22m[39m[31m[1m^[22m[39m[31m[1m^[22m[39m[31m[1m^[22m[39m[31m[1m^[22m[39m[31m[1m^[22m[39m[31m[1m^[22m[39m[0m
[0m [90m  9 |[39m [36mimport[39m { [33mMonitoringSystem[39m } [36mfrom[39m [32m"../../../lib/orchestration_optimization/implementation/monitoring-system"[39m[33m;[39m[0m
[0m [90m 10 |[39m[0m
[0m [90m 11 |[39m [36mexport[39m [36mconst[39m runtime [33m=[39m [32m"nodejs"[39m[33m;[39m[0m



https://nextjs.org/docs/messages/module-not-found


 ✓ Compiled /_error in 331ms
 GET /api/enrich-csv 500 in 510ms
 ⨯ ./app/api/enrich-csv/route.ts:3:1
Module not found: Can't resolve '../../../lib/orchestration_optimization/implementation/batch-orchestrator'
[0m [90m 1 |[39m [36mimport[39m { [33mNextRequest[39m[33m,[39m [33mNextResponse[39m } [36mfrom[39m [32m"next/server"[39m[33m;[39m[0m
[0m [90m 2 |[39m [36mimport[39m [33mPapa[39m [36mfrom[39m [32m"papaparse"[39m[33m;[39m[0m
[0m[31m[1m>[22m[39m[90m 3 |[39m [36mimport[39m {[0m
[0m [90m   |[39m [31m[1m^[22m[39m[31m[1m^[22m[39m[31m[1m^[22m[39m[31m[1m^[22m[39m[31m[1m^[22m[39m[31m[1m^[22m[39m[31m[1m^[22m[39m[31m[1m^[22m[39m[0m
[0m[31m[1m>[22m[39m[90m 4 |[39m   [33mBatchOrchestrator[39m[33m,[39m[0m
[0m [90m   |[39m [31m[1m^[22m[39m[31m[1m^[22m[39m[31m[1m^[22m[39m[31m[1m^[22m[39m[31m[1m^[22m[39m[31m[1m^[22m[39m[31m[1m^[22m[39m[31m[1m^[22m[39m[31m[1m^[22m[39m[31m[1m^[22m[39m[31m[1m^[22m[39m[31m[1m^[22m[39m[31m[1m^[22m[39m[31m[1m^[22m[39m[31m[1m^[22m[39m[31m[1m^[22m[39m[31m[1m^[22m[39m[31m[1m^[22m[39m[31m[1m^[22m[39m[31m[1m^[22m[39m[0m
[0m[31m[1m>[22m[39m[90m 5 |[39m   [33mEmailRecord[39m[33m,[39m[0m
[0m [90m   |[39m [31m[1m^[22m[39m[31m[1m^[22m[39m[31m[1m^[22m[39m[31m[1m^[22m[39m[31m[1m^[22m[39m[31m[1m^[22m[39m[31m[1m^[22m[39m[31m[1m^[22m[39m[31m[1m^[22m[39m[31m[1m^[22m[39m[31m[1m^[22m[39m[31m[1m^[22m[39m[31m[1m^[22m[39m[31m[1m^[22m[39m[31m[1m^[22m[39m[31m[1m^[22m[39m[31m[1m^[22m[39m[31m[1m^[22m[39m[31m[1m^[22m[39m[31m[1m^[22m[39m[0m
[0m[31m[1m>[22m[39m[90m 6 |[39m } [36mfrom[39m [32m"../../../lib/orchestration_optimization/implementation/batch-orchestrator"[39m[33m;[39m[0m
[0m [90m   |[39m [31m[1m^[22m[39m[31m[1m^[22m[39m[31m[1m^[22m[39m[31m[1m^[22m[39m[31m[1m^[22m[39m[31m[1m^[22m[39m[31m[1m^[22m[39m[31m[1m^[22m[39m[31m[1m^[22m[39m[31m[1m^[22m[39m[31m[1m^[22m[39m[31m[1m^[22m[39m[31m[1m^[22m[39m[31m[1m^[22m[39m[31m[1m^[22m[39m[31m[1m^[22m[39m[31m[1m^[22m[39m[31m[1m^[22m[39m[31m[1m^[22m[39m[31m[1m^[22m[39m[31m[1m^[22m[39m[31m[1m^[22m[39m[31m[1m^[22m[39m[31m[1m^[22m[39m[31m[1m^[22m[39m[31m[1m^[22m[39m[31m[1m^[22m[39m[31m[1m^[22m[39m[31m[1m^[22m[39m[31m[1m^[22m[39m[31m[1m^[22m[39m[31m[1m^[22m[39m[31m[1m^[22m[39m[31m[1m^[22m[39m[31m[1m^[22m[39m[31m[1m^[22m[39m[31m[1m^[22m[39m[31m[1m^[22m[39m[31m[1m^[22m[39m[31m[1m^[22m[39m[31m[1m^[22m[39m[31m[1m^[22m[39m[31m[1m^[22m[39m[31m[1m^[22m[39m[31m[1m^[22m[39m[31m[1m^[22m[39m[31m[1m^[22m[39m[31m[1m^[22m[39m[31m[1m^[22m[39m[31m[1m^[22m[39m[31m[1m^[22m[39m[31m[1m^[22m[39m[31m[1m^[22m[39m[31m[1m^[22m[39m[31m[1m^[22m[39m[31m[1m^[22m[39m[31m[1m^[22m[39m[31m[1m^[22m[39m[31m[1m^[22m[39m[31m[1m^[22m[39m[31m[1m^[22m[39m[31m[1m^[22m[39m[31m[1m^[22m[39m[31m[1m^[22m[39m[31m[1m^[22m[39m[31m[1m^[22m[39m[31m[1m^[22m[39m[31m[1m^[22m[39m[31m[1m^[22m[39m[31m[1m^[22m[39m[31m[1m^[22m[39m[31m[1m^[22m[39m[31m[1m^[22m[39m[31m[1m^[22m[39m[31m[1m^[22m[39m[31m[1m^[22m[39m[31m[1m^[22m[39m[31m[1m^[22m[39m[31m[1m^[22m[39m[31m[1m^[22m[39m[31m[1m^[22m[39m[31m[1m^[22m[39m[31m[1m^[22m[39m[31m[1m^[22m[39m[0m
[0m [90m 7 |[39m [36mimport[39m { [33mCompanyCache[39m } [36mfrom[39m [32m"../../../lib/orchestration_optimization/implementation/company-cache"[39m[33m;[39m[0m
[0m [90m 8 |[39m [36mimport[39m { [33mStaircaseBackoff[39m } [36mfrom[39m [32m"../../../lib/orchestration_optimization/implementation/staircase-backoff"[39m[33m;[39m[0m
[0m [90m 9 |[39m [36mimport[39m { [33mMonitoringSystem[39m } [36mfrom[39m [32m"../../../lib/orchestration_optimization/implementation/monitoring-system"[39m[33m;[39m[0m



https://nextjs.org/docs/messages/module-not-found



./app/api/enrich-csv/route.ts:7:1
Module not found: Can't resolve '../../../lib/orchestration_optimization/implementation/company-cache'
[0m [90m  5 |[39m   [33mEmailRecord[39m[33m,[39m[0m
[0m [90m  6 |[39m } [36mfrom[39m [32m"../../../lib/orchestration_optimization/implementation/batch-orchestrator"[39m[33m;[39m[0m
[0m[31m[1m>[22m[39m[90m  7 |[39m [36mimport[39m { [33mCompanyCache[39m } [36mfrom[39m [32m"../../../lib/orchestration_optimization/implementation/company-cache"[39m[33m;[39m[0m
[0m [90m    |[39m [31m[1m^[22m[39m[31m[1m^[22m[39m[31m[1m^[22m[39m[31m[1m^[22m[39m[31m[1m^[22m[39m[31m[1m^[22m[39m[31m[1m^[22m[39m[31m[1m^[22m[39m[31m[1m^[22m[39m[31m[1m^[22m[39m[31m[1m^[22m[39m[31m[1m^[22m[39m[31m[1m^[22m[39m[31m[1m^[22m[39m[31m[1m^[22m[39m[31m[1m^[22m[39m[31m[1m^[22m[39m[31m[1m^[22m[39m[31m[1m^[22m[39m[31m[1m^[22m[39m[31m[1m^[22m[39m[31m[1m^[22m[39m[31m[1m^[22m[39m[31m[1m^[22m[39m[31m[1m^[22m[39m[31m[1m^[22m[39m[31m[1m^[22m[39m[31m[1m^[22m[39m[31m[1m^[22m[39m[31m[1m^[22m[39m[31m[1m^[22m[39m[31m[1m^[22m[39m[31m[1m^[22m[39m[31m[1m^[22m[39m[31m[1m^[22m[39m[31m[1m^[22m[39m[31m[1m^[22m[39m[31m[1m^[22m[39m[31m[1m^[22m[39m[31m[1m^[22m[39m[31m[1m^[22m[39m[31m[1m^[22m[39m[31m[1m^[22m[39m[31m[1m^[22m[39m[31m[1m^[22m[39m[31m[1m^[22m[39m[31m[1m^[22m[39m[31m[1m^[22m[39m[31m[1m^[22m[39m[31m[1m^[22m[39m[31m[1m^[22m[39m[31m[1m^[22m[39m[31m[1m^[22m[39m[31m[1m^[22m[39m[31m[1m^[22m[39m[31m[1m^[22m[39m[31m[1m^[22m[39m[31m[1m^[22m[39m[31m[1m^[22m[39m[31m[1m^[22m[39m[31m[1m^[22m[39m[31m[1m^[22m[39m[31m[1m^[22m[39m[31m[1m^[22m[39m[31m[1m^[22m[39m[31m[1m^[22m[39m[31m[1m^[22m[39m[31m[1m^[22m[39m[31m[1m^[22m[39m[31m[1m^[22m[39m[31m[1m^[22m[39m[31m[1m^[22m[39m[31m[1m^[22m[39m[31m[1m^[22m[39m[31m[1m^[22m[39m[31m[1m^[22m[39m[31m[1m^[22m[39m[31m[1m^[22m[39m[31m[1m^[22m[39m[31m[1m^[22m[39m[31m[1m^[22m[39m[31m[1m^[22m[39m[31m[1m^[22m[39m[31m[1m^[22m[39m[31m[1m^[22m[39m[31m[1m^[22m[39m[31m[1m^[22m[39m[31m[1m^[22m[39m[31m[1m^[22m[39m[31m[1m^[22m[39m[31m[1m^[22m[39m[31m[1m^[22m[39m[31m[1m^[22m[39m[31m[1m^[22m[39m[31m[1m^[22m[39m[31m[1m^[22m[39m[31m[1m^[22m[39m[31m[1m^[22m[39m[31m[1m^[22m[39m[31m[1m^[22m[39m[0m
[0m [90m  8 |[39m [36mimport[39m { [33mStaircaseBackoff[39m } [36mfrom[39m [32m"../../../lib/orchestration_optimization/implementation/staircase-backoff"[39m[33m;[39m[0m
[0m [90m  9 |[39m [36mimport[39m { [33mMonitoringSystem[39m } [36mfrom[39m [32m"../../../lib/orchestration_optimization/implementation/monitoring-system"[39m[33m;[39m[0m
[0m [90m 10 |[39m[0m



https://nextjs.org/docs/messages/module-not-found



./app/api/enrich-csv/route.ts:9:1
Module not found: Can't resolve '../../../lib/orchestration_optimization/implementation/monitoring-system'
[0m [90m  7 |[39m [36mimport[39m { [33mCompanyCache[39m } [36mfrom[39m [32m"../../../lib/orchestration_optimization/implementation/company-cache"[39m[33m;[39m[0m
[0m [90m  8 |[39m [36mimport[39m { [33mStaircaseBackoff[39m } [36mfrom[39m [32m"../../../lib/orchestration_optimization/implementation/staircase-backoff"[39m[33m;[39m[0m
[0m[31m[1m>[22m[39m[90m  9 |[39m [36mimport[39m { [33mMonitoringSystem[39m } [36mfrom[39m [32m"../../../lib/orchestration_optimization/implementation/monitoring-system"[39m[33m;[39m[0m
[0m [90m    |[39m [31m[1m^[22m[39m[31m[1m^[22m[39m[31m[1m^[22m[39m[31m[1m^[22m[39m[31m[1m^[22m[39m[31m[1m^[22m[39m[31m[1m^[22m[39m[31m[1m^[22m[39m[31m[1m^[22m[39m[31m[1m^[22m[39m[31m[1m^[22m[39m[31m[1m^[22m[39m[31m[1m^[22m[39m[31m[1m^[22m[39m[31m[1m^[22m[39m[31m[1m^[22m[39m[31m[1m^[22m[39m[31m[1m^[22m[39m[31m[1m^[22m[39m[31m[1m^[22m[39m[31m[1m^[22m[39m[31m[1m^[22m[39m[31m[1m^[22m[39m[31m[1m^[22m[39m[31m[1m^[22m[39m[31m[1m^[22m[39m[31m[1m^[22m[39m[31m[1m^[22m[39m[31m[1m^[22m[39m[31m[1m^[22m[39m[31m[1m^[22m[39m[31m[1m^[22m[39m[31m[1m^[22m[39m[31m[1m^[22m[39m[31m[1m^[22m[39m[31m[1m^[22m[39m[31m[1m^[22m[39m[31m[1m^[22m[39m[31m[1m^[22m[39m[31m[1m^[22m[39m[31m[1m^[22m[39m[31m[1m^[22m[39m[31m[1m^[22m[39m[31m[1m^[22m[39m[31m[1m^[22m[39m[31m[1m^[22m[39m[31m[1m^[22m[39m[31m[1m^[22m[39m[31m[1m^[22m[39m[31m[1m^[22m[39m[31m[1m^[22m[39m[31m[1m^[22m[39m[31m[1m^[22m[39m[31m[1m^[22m[39m[31m[1m^[22m[39m[31m[1m^[22m[39m[31m[1m^[22m[39m[31m[1m^[22m[39m[31m[1m^[22m[39m[31m[1m^[22m[39m[31m[1m^[22m[39m[31m[1m^[22m[39m[31m[1m^[22m[39m[31m[1m^[22m[39m[31m[1m^[22m[39m[31m[1m^[22m[39m[31m[1m^[22m[39m[31m[1m^[22m[39m[31m[1m^[22m[39m[31m[1m^[22m[39m[31m[1m^[22m[39m[31m[1m^[22m[39m[31m[1m^[22m[39m[31m[1m^[22m[39m[31m[1m^[22m[39m[31m[1m^[22m[39m[31m[1m^[22m[39m[31m[1m^[22m[39m[31m[1m^[22m[39m[31m[1m^[22m[39m[31m[1m^[22m[39m[31m[1m^[22m[39m[31m[1m^[22m[39m[31m[1m^[22m[39m[31m[1m^[22m[39m[31m[1m^[22m[39m[31m[1m^[22m[39m[31m[1m^[22m[39m[31m[1m^[22m[39m[31m[1m^[22m[39m[31m[1m^[22m[39m[31m[1m^[22m[39m[31m[1m^[22m[39m[31m[1m^[22m[39m[31m[1m^[22m[39m[31m[1m^[22m[39m[31m[1m^[22m[39m[31m[1m^[22m[39m[31m[1m^[22m[39m[31m[1m^[22m[39m[31m[1m^[22m[39m[31m[1m^[22m[39m[31m[1m^[22m[39m[31m[1m^[22m[39m[31m[1m^[22m[39m[31m[1m^[22m[39m[31m[1m^[22m[39m[31m[1m^[22m[39m[0m
[0m [90m 10 |[39m[0m
[0m [90m 11 |[39m [36mexport[39m [36mconst[39m runtime [33m=[39m [32m"nodejs"[39m[33m;[39m[0m
[0m [90m 12 |[39m[0m



https://nextjs.org/docs/messages/module-not-found



./app/api/enrich-csv/route.ts:8:1
Module not found: Can't resolve '../../../lib/orchestration_optimization/implementation/staircase-backoff'
[0m [90m  6 |[39m } [36mfrom[39m [32m"../../../lib/orchestration_optimization/implementation/batch-orchestrator"[39m[33m;[39m[0m
[0m [90m  7 |[39m [36mimport[39m { [33mCompanyCache[39m } [36mfrom[39m [32m"../../../lib/orchestration_optimization/implementation/company-cache"[39m[33m;[39m[0m
[0m[31m[1m>[22m[39m[90m  8 |[39m [36mimport[39m { [33mStaircaseBackoff[39m } [36mfrom[39m [32m"../../../lib/orchestration_optimization/implementation/staircase-backoff"[39m[33m;[39m[0m
[0m [90m    |[39m [31m[1m^[22m[39m[31m[1m^[22m[39m[31m[1m^[22m[39m[31m[1m^[22m[39m[31m[1m^[22m[39m[31m[1m^[22m[39m[31m[1m^[22m[39m[31m[1m^[22m[39m[31m[1m^[22m[39m[31m[1m^[22m[39m[31m[1m^[22m[39m[31m[1m^[22m[39m[31m[1m^[22m[39m[31m[1m^[22m[39m[31m[1m^[22m[39m[31m[1m^[22m[39m[31m[1m^[22m[39m[31m[1m^[22m[39m[31m[1m^[22m[39m[31m[1m^[22m[39m[31m[1m^[22m[39m[31m[1m^[22m[39m[31m[1m^[22m[39m[31m[1m^[22m[39m[31m[1m^[22m[39m[31m[1m^[22m[39m[31m[1m^[22m[39m[31m[1m^[22m[39m[31m[1m^[22m[39m[31m[1m^[22m[39m[31m[1m^[22m[39m[31m[1m^[22m[39m[31m[1m^[22m[39m[31m[1m^[22m[39m[31m[1m^[22m[39m[31m[1m^[22m[39m[31m[1m^[22m[39m[31m[1m^[22m[39m[31m[1m^[22m[39m[31m[1m^[22m[39m[31m[1m^[22m[39m[31m[1m^[22m[39m[31m[1m^[22m[39m[31m[1m^[22m[39m[31m[1m^[22m[39m[31m[1m^[22m[39m[31m[1m^[22m[39m[31m[1m^[22m[39m[31m[1m^[22m[39m[31m[1m^[22m[39m[31m[1m^[22m[39m[31m[1m^[22m[39m[31m[1m^[22m[39m[31m[1m^[22m[39m[31m[1m^[22m[39m[31m[1m^[22m[39m[31m[1m^[22m[39m[31m[1m^[22m[39m[31m[1m^[22m[39m[31m[1m^[22m[39m[31m[1m^[22m[39m[31m[1m^[22m[39m[31m[1m^[22m[39m[31m[1m^[22m[39m[31m[1m^[22m[39m[31m[1m^[22m[39m[31m[1m^[22m[39m[31m[1m^[22m[39m[31m[1m^[22m[39m[31m[1m^[22m[39m[31m[1m^[22m[39m[31m[1m^[22m[39m[31m[1m^[22m[39m[31m[1m^[22m[39m[31m[1m^[22m[39m[31m[1m^[22m[39m[31m[1m^[22m[39m[31m[1m^[22m[39m[31m[1m^[22m[39m[31m[1m^[22m[39m[31m[1m^[22m[39m[31m[1m^[22m[39m[31m[1m^[22m[39m[31m[1m^[22m[39m[31m[1m^[22m[39m[31m[1m^[22m[39m[31m[1m^[22m[39m[31m[1m^[22m[39m[31m[1m^[22m[39m[31m[1m^[22m[39m[31m[1m^[22m[39m[31m[1m^[22m[39m[31m[1m^[22m[39m[31m[1m^[22m[39m[31m[1m^[22m[39m[31m[1m^[22m[39m[31m[1m^[22m[39m[31m[1m^[22m[39m[31m[1m^[22m[39m[31m[1m^[22m[39m[31m[1m^[22m[39m[31m[1m^[22m[39m[31m[1m^[22m[39m[31m[1m^[22m[39m[31m[1m^[22m[39m[31m[1m^[22m[39m[31m[1m^[22m[39m[31m[1m^[22m[39m[0m
[0m [90m  9 |[39m [36mimport[39m { [33mMonitoringSystem[39m } [36mfrom[39m [32m"../../../lib/orchestration_optimization/implementation/monitoring-system"[39m[33m;[39m[0m
[0m [90m 10 |[39m[0m
[0m [90m 11 |[39m [36mexport[39m [36mconst[39m runtime [33m=[39m [32m"nodejs"[39m[33m;[39m[0m



https://nextjs.org/docs/messages/module-not-found


 GET /api/enrich-csv 500 in 21ms
[?25h
